<?xml version="1.0" encoding="UTF-8"?>
<!-- Generated by org.testng.reporters.JUnitXMLReporter -->
<testsuite hostname="DESKTOP-IUIGTE3" ignored="0" name="Default test" tests="2" failures="0" timestamp="2021-05-09T12:23:41 IST" time="24.06" errors="0">
  <testcase name="verifyProfile_Name" time="2.6" classname="kiteZeroda_TestCase.TestCaseExecution_kite"/>
  <testcase name="buyShares_1" time="4.572" classname="kiteZeroda_TestCase.TestCaseExecution_kite"/>
</testsuite> <!-- Default test -->
