<?xml version="1.0" encoding="UTF-8"?>
<testng-results skipped="0" failed="0" ignored="0" total="2" passed="2">
  <reporter-output>
  </reporter-output>
  <suite name="Default suite" duration-ms="24060" started-at="2021-05-09T12:23:17 IST" finished-at="2021-05-09T12:23:41 IST">
    <groups>
    </groups>
    <test name="Default test" duration-ms="24060" started-at="2021-05-09T12:23:17 IST" finished-at="2021-05-09T12:23:41 IST">
      <class name="kiteZeroda_TestCase.TestCaseExecution_kite">
        <test-method status="PASS" signature="open_Browser_1()[pri:0, instance:kiteZeroda_TestCase.TestCaseExecution_kite@2c039ac6]" name="open_Browser_1" is-config="true" duration-ms="12839" started-at="2021-05-09T12:23:17 IST" finished-at="2021-05-09T12:23:30 IST">
          <reporter-output>
          </reporter-output>
        </test-method> <!-- open_Browser_1 -->
        <test-method status="PASS" signature="setLoginCredentials()[pri:0, instance:kiteZeroda_TestCase.TestCaseExecution_kite@2c039ac6]" name="setLoginCredentials" is-config="true" duration-ms="819" started-at="2021-05-09T12:23:30 IST" finished-at="2021-05-09T12:23:31 IST">
          <reporter-output>
          </reporter-output>
        </test-method> <!-- setLoginCredentials -->
        <test-method status="PASS" signature="verifyProfile_Name()[pri:0, instance:kiteZeroda_TestCase.TestCaseExecution_kite@2c039ac6]" name="verifyProfile_Name" duration-ms="2600" started-at="2021-05-09T12:23:31 IST" finished-at="2021-05-09T12:23:33 IST">
          <reporter-output>
          </reporter-output>
        </test-method> <!-- verifyProfile_Name -->
        <test-method status="PASS" signature="logout()[pri:0, instance:kiteZeroda_TestCase.TestCaseExecution_kite@2c039ac6]" name="logout" is-config="true" duration-ms="988" started-at="2021-05-09T12:23:33 IST" finished-at="2021-05-09T12:23:34 IST">
          <reporter-output>
          </reporter-output>
        </test-method> <!-- logout -->
        <test-method status="PASS" signature="setLoginCredentials()[pri:0, instance:kiteZeroda_TestCase.TestCaseExecution_kite@2c039ac6]" name="setLoginCredentials" is-config="true" duration-ms="566" started-at="2021-05-09T12:23:34 IST" finished-at="2021-05-09T12:23:35 IST">
          <reporter-output>
          </reporter-output>
        </test-method> <!-- setLoginCredentials -->
        <test-method status="PASS" signature="buyShares_1()[pri:1, instance:kiteZeroda_TestCase.TestCaseExecution_kite@2c039ac6]" name="buyShares_1" duration-ms="4572" started-at="2021-05-09T12:23:35 IST" finished-at="2021-05-09T12:23:39 IST">
          <reporter-output>
          </reporter-output>
        </test-method> <!-- buyShares_1 -->
        <test-method status="PASS" signature="logout()[pri:0, instance:kiteZeroda_TestCase.TestCaseExecution_kite@2c039ac6]" name="logout" is-config="true" duration-ms="715" started-at="2021-05-09T12:23:39 IST" finished-at="2021-05-09T12:23:40 IST">
          <reporter-output>
          </reporter-output>
        </test-method> <!-- logout -->
        <test-method status="PASS" signature="closeBrowser()[pri:0, instance:kiteZeroda_TestCase.TestCaseExecution_kite@2c039ac6]" name="closeBrowser" is-config="true" duration-ms="859" started-at="2021-05-09T12:23:40 IST" finished-at="2021-05-09T12:23:41 IST">
          <reporter-output>
          </reporter-output>
        </test-method> <!-- closeBrowser -->
      </class> <!-- kiteZeroda_TestCase.TestCaseExecution_kite -->
    </test> <!-- Default test -->
  </suite> <!-- Default suite -->
</testng-results>
